<?xml version="1.0" encoding="UTF-8"?>
<!-- Generated by org.testng.reporters.JUnitReportReporter -->
<testsuite hostname="LAPTOP-9TAIR1IM" failures="0" tests="3" name="TestClasses.LoginTestInfinity1" time="10.454" errors="0" timestamp="2025-06-29T17:51:12 IST" skipped="0">
  <testcase classname="TestClasses.LoginTestInfinity1" name="login" time="0.425"/>
  <testcase classname="TestClasses.LoginTestInfinity1" name="addingItems" time="6.710"/>
  <testcase classname="TestClasses.LoginTestInfinity1" name="verifyCartPage" time="3.319"/>
</testsuite> <!-- TestClasses.LoginTestInfinity1 -->
