<?xml version="1.0" encoding="UTF-8"?>
<!-- Generated by org.testng.reporters.JUnitReportReporter -->
<testsuite hostname="LAPTOP-9TAIR1IM" failures="0" tests="1" name="TestClasses.CartPageTest" time="10.370" errors="0" timestamp="2025-06-29T18:20:29 IST" skipped="0">
  <testcase classname="TestClasses.CartPageTest" name="cartPageTest" time="10.370"/>
</testsuite> <!-- TestClasses.CartPageTest -->
